Compiling the C compiler identification source file "CMakeCCompilerId.c" failed.
Compiler: /Library/Developer/CommandLineTools/usr/bin/cc 
Build flags: 
Id flags:  

The output was:
1
ld: library not found for -lSystem
clang: error: linker command failed with exit code 1 (use -v to see invocation)


Compiling the CXX compiler identification source file "CMakeCXXCompilerId.cpp" failed.
Compiler: /Library/Developer/CommandLineTools/usr/bin/c++ 
Build flags: 
Id flags:  

The output was:
1
ld: library not found for -lc++
clang: error: linker command failed with exit code 1 (use -v to see invocation)


Determining if the __GLIBC__ exist failed with the following output:
Change Dir: /Users/benjaminowad/Documents/dev/qView/ci/pwsh/kimageformats/CMakeFiles/CMakeTmp

Run Build Command(s):/usr/bin/make -f Makefile cmTC_1fc59/fast && /Library/Developer/CommandLineTools/usr/bin/make  -f CMakeFiles/cmTC_1fc59.dir/build.make CMakeFiles/cmTC_1fc59.dir/build
Building C object CMakeFiles/cmTC_1fc59.dir/CheckSymbolExists.c.o
/Library/Developer/CommandLineTools/usr/bin/cc   -isysroot /Library/Developer/CommandLineTools/SDKs/MacOSX11.1.sdk -MD -MT CMakeFiles/cmTC_1fc59.dir/CheckSymbolExists.c.o -MF CMakeFiles/cmTC_1fc59.dir/CheckSymbolExists.c.o.d -o CMakeFiles/cmTC_1fc59.dir/CheckSymbolExists.c.o -c /Users/benjaminowad/Documents/dev/qView/ci/pwsh/kimageformats/CMakeFiles/CMakeTmp/CheckSymbolExists.c
/Users/benjaminowad/Documents/dev/qView/ci/pwsh/kimageformats/CMakeFiles/CMakeTmp/CheckSymbolExists.c:8:19: error: use of undeclared identifier '__GLIBC__'
  return ((int*)(&__GLIBC__))[argc];
                  ^
1 error generated.
make[1]: *** [CMakeFiles/cmTC_1fc59.dir/CheckSymbolExists.c.o] Error 1
make: *** [cmTC_1fc59/fast] Error 2


File /Users/benjaminowad/Documents/dev/qView/ci/pwsh/kimageformats/CMakeFiles/CMakeTmp/CheckSymbolExists.c:
/* */
#include <stdlib.h>

int main(int argc, char** argv)
{
  (void)argv;
#ifndef __GLIBC__
  return ((int*)(&__GLIBC__))[argc];
#else
  (void)argc;
  return 0;
#endif
}
